<?xml version="1.0" encoding="UTF-8"?>
<testng-results ignored="0" total="0" passed="0"
	failed="0" skipped="0">
	<reporter-output>
	</reporter-output>
	<suite started-at="2022-06-15T03:15:34 IST" name="Default suite"
		finished-at="2022-06-15T03:15:35 IST" duration-ms="367">
		<groups>
			<group name="cucumber">
				<method
					signature="AbstractTestNGCucumberTests.runScenario(io.cucumber.testng.PickleWrapper,io.cucumber.testng.FeatureWrapper)[pri:0, instance:testRunner.AppTestRunner@6a988392]"
					name="runScenario"
					class="io.cucumber.testng.AbstractTestNGCucumberTests" />
			</group> <!-- cucumber -->
		</groups>
		<test started-at="2022-06-15T03:15:34 IST" name="Default test"
			finished-at="2022-06-15T03:15:35 IST" duration-ms="367">
			<class name="testRunner.AppTestRunner">
				<test-method is-config="true"
					signature="setUpClass(org.testng.ITestContext)[pri:0, instance:testRunner.AppTestRunner@6a988392]"
					started-at="2022-06-15T03:15:34 IST" name="setUpClass"
					finished-at="2022-06-15T03:15:35 IST" duration-ms="306"
					status="PASS">
					<params>
						<param index="0">
							<value>
                <![CDATA[org.testng.TestRunner@78e89bfe]]>
							</value>
						</param>
					</params>
					<reporter-output>
					</reporter-output>
				</test-method> <!-- setUpClass -->
				<test-method is-config="true"
					signature="tearDownClass()[pri:0, instance:testRunner.AppTestRunner@6a988392]"
					started-at="2022-06-15T03:15:35 IST" name="tearDownClass"
					finished-at="2022-06-15T03:15:35 IST" duration-ms="21"
					status="PASS">
					<reporter-output>
					</reporter-output>
				</test-method> <!-- tearDownClass -->
			</class> <!-- testRunner.AppTestRunner -->
		</test> <!-- Default test -->
	</suite> <!-- Default suite -->
</testng-results>
